<?xml version="1.0" encoding="UTF-8" ?>
<testsuite errors="0" failures="0" hostname="Insamiksha" name="library.EvaluatorTest" skipped="0" tests="15" time="0.1" timestamp="2014-01-23T12:38:08">
  <properties>
    <property name="ant.project.invoked-targets" value="dist" />
    <property name="java.runtime.name" value="Java(TM) SE Runtime Environment" />
    <property name="sun.boot.library.path" value="c:\Program Files\Java\jdk1.7.0_11\jre\bin" />
    <property name="java.vm.version" value="23.6-b04" />
    <property name="ant.library.dir" value="d:/projects/tools/apache-ant-1.9.3-bin/apache-ant-1.9.3/lib" />
    <property name="ant.version" value="Apache Ant(TM) version 1.9.3 compiled on December 23 2013" />
    <property name="ant.file.type.expression-evaluator" value="file" />
    <property name="ant.java.version" value="1.7" />
    <property name="java.vm.vendor" value="Oracle Corporation" />
    <property name="java.vendor.url" value="http://java.oracle.com/" />
    <property name="path.separator" value=";" />
    <property name="java.vm.name" value="Java HotSpot(TM) 64-Bit Server VM" />
    <property name="file.encoding.pkg" value="sun.io" />
    <property name="user.script" value="" />
    <property name="user.country" value="US" />
    <property name="sun.java.launcher" value="SUN_STANDARD" />
    <property name="sun.os.patch.level" value="Service Pack 1" />
    <property name="java.vm.specification.name" value="Java Virtual Machine Specification" />
    <property name="user.dir" value="d:\projects\expression-evaluator" />
    <property name="java.runtime.version" value="1.7.0_11-b21" />
    <property name="java.awt.graphicsenv" value="sun.awt.Win32GraphicsEnvironment" />
    <property name="basedir" value="d:\projects\expression-evaluator" />
    <property name="java.endorsed.dirs" value="c:\Program Files\Java\jdk1.7.0_11\jre\lib\endorsed" />
    <property name="os.arch" value="amd64" />
    <property name="ant.project.default-target" value="dist" />
    <property name="java.io.tmpdir" value="C:\Users\samiksha\AppData\Local\Temp\" />
    <property name="ant.core.lib" value="d:\projects\tools\apache-ant-1.9.3-bin\apache-ant-1.9.3\lib\ant.jar" />
    <property name="line.separator" value="&#xd;&#xa;" />
    <property name="java.vm.specification.vendor" value="Oracle Corporation" />
    <property name="user.variant" value="" />
    <property name="os.name" value="Windows 7" />
    <property name="ant.home" value="d:/projects/tools/apache-ant-1.9.3-bin/apache-ant-1.9.3" />
    <property name="ant.project.name" value="expression-evaluator" />
    <property name="sun.jnu.encoding" value="Cp1252" />
    <property name="java.library.path" value="c:\Program Files\Java\jdk1.7.0_11\jre\bin;C:\windows\Sun\Java\bin;C:\windows\system32;C:\windows;c:\Users\samiksha\bin;.;C:\Program Files (x86)\Git\local\bin;C:\Program Files (x86)\Git\mingw\bin;C:\Program Files (x86)\Git\bin;c:\Program Files (x86)\RSA SecurID Token Common;c:\windows\system32;c:\windows;c:\windows\System32\Wbem;c:\windows\System32\WindowsPowerShell\v1.0\;c:\Program Files (x86)\Common Files\Roxio Shared\10.0\DLLShared\;c:\Program Files (x86)\Common Files\Roxio Shared\DLLShared\;c:\Program Files\TortoiseSVN\bin;c:\Program Files\Google\Google Apps Migration\;c:\Program Files\Google\Google Apps Sync\;c:\Program Files\nodejs\;d:\cygnus\cygnus\cygwin-b20\H-i586-cygwin32\bin;d:\phantomjs-1.9.2-windows;%UNIX_TOOLS%\bin;%PK_SH%\bin;%EVALUATOR_HOME%\bin;%UNIX_HOME%\bin;c:\Program Files\Java\jdk1.7.0_11\bin;c:\Users\samiksha\AppData\Roaming\npm;d:\projects\unix-tools\unix_tools\bin;d:\projects\tools\apache-ant-1.9.3-bin\apache-ant-1.9.3\bin;d:\projects\tools\cobertura-2.0.1-bin\cobertura-2.0.1;d:\prajakta\unix_tools\bin;d:\suraj\unix-tools\bin;d:\evaluatorTest\evaluator_dist\bin;d:\prajakta\expression-evaluator\bin;d:\shital\expression-evaluator\bin;.;." />
    <property name="java.class.version" value="51.0" />
    <property name="java.specification.name" value="Java Platform API Specification" />
    <property name="sun.management.compiler" value="HotSpot 64-Bit Tiered Compilers" />
    <property name="os.version" value="6.1" />
    <property name="ant.file" value="d:\projects\expression-evaluator\build.xml" />
    <property name="user.home" value="C:\Users\samiksha" />
    <property name="user.timezone" value="" />
    <property name="java.awt.printerjob" value="sun.awt.windows.WPrinterJob" />
    <property name="file.encoding" value="Cp1252" />
    <property name="java.specification.version" value="1.7" />
    <property name="user.name" value="samiksha" />
    <property name="java.class.path" value="d:\projects\expression-evaluator\build\code-coverage\instrumented;d:\projects\expression-evaluator\build\classes;d:\projects\expression-evaluator\build\test-classes;d:\projects\expression-evaluator\external-lib\junit-4.10.jar;d:\projects\expression-evaluator\external-lib\asm-4.1.jar;d:\projects\expression-evaluator\external-lib\asm-analysis-4.1.jar;d:\projects\expression-evaluator\external-lib\asm-commons-4.1.jar;d:\projects\expression-evaluator\external-lib\asm-tree-4.1.jar;d:\projects\expression-evaluator\external-lib\asm-util-4.1.jar;d:\projects\expression-evaluator\external-lib\cobertura-2.0.1.jar;d:\projects\expression-evaluator\external-lib\log4j-1.2.9.jar;d:\projects\expression-evaluator\external-lib\oro-2.0.8.jar;d:\projects\expression-evaluator\external-lib\tagsoup-0.9.7.jar;d:\projects\expression-evaluator\external-lib\xmlParserAPIs-2.6.2.jar;d:\projects\expression-evaluator\external-lib\xom-1.0b3.jar;d:\projects\tools\apache-ant-1.9.3-bin\apache-ant-1.9.3\lib\junit-4.10.jar;D:\projects\tools\apache-ant-1.9.3-bin\apache-ant-1.9.3\lib\ant-launcher.jar;d:\projects\tools\apache-ant-1.9.3-bin\apache-ant-1.9.3\lib\ant.jar;d:\projects\tools\apache-ant-1.9.3-bin\apache-ant-1.9.3\lib\ant-junit.jar;d:\projects\tools\apache-ant-1.9.3-bin\apache-ant-1.9.3\lib\ant-junit4.jar" />
    <property name="java.vm.specification.version" value="1.7" />
    <property name="sun.java.command" value="org.apache.tools.ant.taskdefs.optional.junit.JUnitTestRunner library.EvaluatorTest skipNonTests=false filtertrace=true haltOnError=false haltOnFailure=false showoutput=false outputtoformatters=true logfailedtests=true logtestlistenerevents=false formatter=org.apache.tools.ant.taskdefs.optional.junit.XMLJUnitResultFormatter,d:\projects\expression-evaluator\build\code-coverage\reports\xml\TEST-library.EvaluatorTest.xml crashfile=d:\projects\expression-evaluator\junitvmwatcher3407579738113036376.properties propsfile=d:\projects\expression-evaluator\junit2843389289337530482.properties" />
    <property name="java.home" value="c:\Program Files\Java\jdk1.7.0_11\jre" />
    <property name="sun.arch.data.model" value="64" />
    <property name="java.specification.vendor" value="Oracle Corporation" />
    <property name="user.language" value="en" />
    <property name="awt.toolkit" value="sun.awt.windows.WToolkit" />
    <property name="java.vm.info" value="mixed mode" />
    <property name="java.version" value="1.7.0_11" />
    <property name="java.ext.dirs" value="c:\Program Files\Java\jdk1.7.0_11\jre\lib\ext;C:\windows\Sun\Java\lib\ext" />
    <property name="ant.file.expression-evaluator" value="d:\projects\expression-evaluator\build.xml" />
    <property name="sun.boot.class.path" value="c:\Program Files\Java\jdk1.7.0_11\jre\lib\resources.jar;c:\Program Files\Java\jdk1.7.0_11\jre\lib\rt.jar;c:\Program Files\Java\jdk1.7.0_11\jre\lib\sunrsasign.jar;c:\Program Files\Java\jdk1.7.0_11\jre\lib\jsse.jar;c:\Program Files\Java\jdk1.7.0_11\jre\lib\jce.jar;c:\Program Files\Java\jdk1.7.0_11\jre\lib\charsets.jar;c:\Program Files\Java\jdk1.7.0_11\jre\lib\jfr.jar;c:\Program Files\Java\jdk1.7.0_11\jre\classes" />
    <property name="java.vendor" value="Oracle Corporation" />
    <property name="file.separator" value="\" />
    <property name="java.vendor.url.bug" value="http://bugreport.sun.com/bugreport/" />
    <property name="sun.cpu.endian" value="little" />
    <property name="sun.io.unicode.encoding" value="UnicodeLittle" />
    <property name="ant.file.type" value="file" />
    <property name="sun.desktop" value="windows" />
    <property name="sun.cpu.isalist" value="amd64" />
  </properties>
  <testcase classname="library.EvaluatorTest" name="test_for_evaluate_multiple_operations_with_brackets_inside_brackets" time="0.003" />
  <testcase classname="library.EvaluatorTest" name="testEvaluate" time="0.0" />
  <testcase classname="library.EvaluatorTest" name="test_for_adding_two_numbers" time="0.0" />
  <testcase classname="library.EvaluatorTest" name="test_for_subtraction_of_two_numbers" time="0.0" />
  <testcase classname="library.EvaluatorTest" name="test_if_only_one_operand_is_given" time="0.0" />
  <testcase classname="library.EvaluatorTest" name="test_for_multiplication_of_two_numbers" time="0.0" />
  <testcase classname="library.EvaluatorTest" name="test_for_division_of_two_numbers" time="0.0" />
  <testcase classname="library.EvaluatorTest" name="test_for_calculating_power_of_two_numbers" time="0.0" />
  <testcase classname="library.EvaluatorTest" name="test_for_evaluating_multiple_operations" time="0.0" />
  <testcase classname="library.EvaluatorTest" name="test_for_evaluate_multiple_operations" time="0.0" />
  <testcase classname="library.EvaluatorTest" name="test_for_evaluate_multiple_operations_for_negative" time="0.001" />
  <testcase classname="library.EvaluatorTest" name="test_for_evaluate_multiple_operations_of_float" time="0.0" />
  <testcase classname="library.EvaluatorTest" name="test_for_evaluate_multiple_operations_with_brackets" time="0.0" />
  <testcase classname="library.EvaluatorTest" name="test_for_evaluate_multiple_operations_with_multiple_brackets" time="0.0" />
  <testcase classname="library.EvaluatorTest" name="test_for_evaluate_multiple_operations_with_only_brackets" time="0.0" />
  <system-out><![CDATA[]]></system-out>
  <system-err><![CDATA[]]></system-err>
</testsuite>
